<?xml version="1.0" encoding="UTF-8"?>
<!-- Generated by org.testng.reporters.JUnitXMLReporter -->
<testsuite ignored="0" hostname="DESKTOP-QPBUIBA" failures="0" tests="5" name="Surefire test" time="41.698" errors="0" timestamp="2026-03-30T22:26:02 WIB">
  <testcase classname="com.juaracoding.evan.AddToCartTest" name="testLogin" time="6.211"/>
  <testcase classname="com.juaracoding.evan.AddToCartTest" name="testAddToCart" time="2.076"/>
  <testcase classname="com.juaracoding.evan.AddToCartTest" name="testRemoveItem" time="2.055"/>
  <testcase classname="com.juaracoding.evan.AddToCartTest" name="testCheckout" time="16.369"/>
  <testcase classname="com.juaracoding.evan.AddToCartTest" name="testCheckoutNegative" time="10.252"/>
</testsuite> <!-- Surefire test -->
