<?xml version="1.0" encoding="UTF-8"?>
<testsuite xmlns:xsi="http://www.w3.org/2001/XMLSchema-instance" xsi:noNamespaceSchemaLocation="https://maven.apache.org/surefire/maven-surefire-plugin/xsd/surefire-test-report-3.0.xsd" version="3.0" name="com.juaracoding.evan.AddToCartTest" time="42.217" tests="5" errors="0" skipped="0" failures="0">
  <properties>
[...]
</properties>
  <testcase name="testLogin" classname="com.juaracoding.evan.AddToCartTest" time="6.214">
    <system-out><![CDATA[2026-03-30T15:25:20.617990900Z main ERROR Log4j2 could not find a logging implementation. Please add log4j-core to the classpath. Using SimpleLogger to log to the console...
===== START AUTOMATION TEST =====

[STEP] LOGIN TEST
[INFO] Input Username
[INFO] Input Password
[INFO] Click Login
[RESULT] LOGIN SUCCESS
]]></system-out>
    <system-err><![CDATA[SLF4J(W): No SLF4J providers were found.
SLF4J(W): Defaulting to no-operation (NOP) logger implementation
SLF4J(W): See https://www.slf4j.org/codes.html#noProviders for further details.
Mar 30, 2026 10:25:21 PM org.openqa.selenium.devtools.CdpVersionFinder findNearestMatch
WARNING: Unable to find CDP implementation matching 146
Mar 30, 2026 10:25:21 PM org.openqa.selenium.chromium.ChromiumDriver lambda$new$5
WARNING: Unable to find version of CDP to use for 146.0.7680.165. You may need to include a dependency on a specific version of the CDP using something similar to `org.seleniumhq.selenium:selenium-devtools-v86:4.21.0` where the version ("v86") matches the version of the chromium-based browser you're using and the version number of the artifact is the same as Selenium's.
]]></system-err>
  </testcase>
  <testcase name="testAddToCart" classname="com.juaracoding.evan.AddToCartTest" time="2.077">
    <system-out><![CDATA[
[STEP] ADD TO CART
[INFO] Click Add To Cart
[RESULT] ADD TO CART SUCCESS
]]></system-out>
  </testcase>
  <testcase name="testRemoveItem" classname="com.juaracoding.evan.AddToCartTest" time="2.056">
    <system-out><![CDATA[
[STEP] REMOVE ITEM
[INFO] Click Remove
[RESULT] REMOVE SUCCESS
]]></system-out>
  </testcase>
  <testcase name="testCheckout" classname="com.juaracoding.evan.AddToCartTest" time="16.369">
    <system-out><![CDATA[
[STEP] CHECKOUT POSITIVE
[INFO] Add Item
[INFO] Open Cart
[INFO] Click Checkout
[RESULT] CHECKOUT SUCCESS
]]></system-out>
  </testcase>
  <testcase name="testCheckoutNegative" classname="com.juaracoding.evan.AddToCartTest" time="10.252">
    <system-out><![CDATA[
[STEP] CHECKOUT NEGATIVE
[RESULT] NEGATIVE TEST SUCCESS
]]></system-out>
  </testcase>
</testsuite>