<?xml version="1.0" encoding="UTF-8"?>
<testng-results ignored="0" total="5" passed="5" failed="0" skipped="0">
  <reporter-output>
  </reporter-output>
  <suite started-at="2026-03-30T22:25:20 WIB" name="Surefire suite" finished-at="2026-03-30T22:26:02 WIB" duration-ms="41698">
    <groups>
    </groups>
    <test started-at="2026-03-30T22:25:20 WIB" name="Surefire test" finished-at="2026-03-30T22:26:02 WIB" duration-ms="41698">
      <class name="com.juaracoding.evan.AddToCartTest">
        <test-method is-config="true" signature="setup()[pri:0, instance:com.juaracoding.evan.AddToCartTest@62010f5c]" started-at="2026-03-30T22:25:20 WIB" name="setup" finished-at="2026-03-30T22:25:25 WIB" duration-ms="4451" status="PASS">
          <reporter-output>
          </reporter-output>
        </test-method> <!-- setup -->
        <test-method signature="testLogin()[pri:1, instance:com.juaracoding.evan.AddToCartTest@62010f5c]" started-at="2026-03-30T22:25:25 WIB" name="testLogin" finished-at="2026-03-30T22:25:31 WIB" duration-ms="6211" status="PASS">
          <reporter-output>
          </reporter-output>
        </test-method> <!-- testLogin -->
        <test-method signature="testAddToCart()[pri:2, instance:com.juaracoding.evan.AddToCartTest@62010f5c]" started-at="2026-03-30T22:25:31 WIB" name="testAddToCart" finished-at="2026-03-30T22:25:33 WIB" duration-ms="2076" status="PASS">
          <reporter-output>
          </reporter-output>
        </test-method> <!-- testAddToCart -->
        <test-method signature="testRemoveItem()[pri:3, instance:com.juaracoding.evan.AddToCartTest@62010f5c]" started-at="2026-03-30T22:25:33 WIB" name="testRemoveItem" finished-at="2026-03-30T22:25:35 WIB" duration-ms="2055" status="PASS">
          <reporter-output>
          </reporter-output>
        </test-method> <!-- testRemoveItem -->
        <test-method signature="testCheckout()[pri:4, instance:com.juaracoding.evan.AddToCartTest@62010f5c]" started-at="2026-03-30T22:25:35 WIB" name="testCheckout" finished-at="2026-03-30T22:25:52 WIB" duration-ms="16369" status="PASS">
          <reporter-output>
          </reporter-output>
        </test-method> <!-- testCheckout -->
        <test-method signature="testCheckoutNegative()[pri:5, instance:com.juaracoding.evan.AddToCartTest@62010f5c]" started-at="2026-03-30T22:25:52 WIB" name="testCheckoutNegative" finished-at="2026-03-30T22:26:02 WIB" duration-ms="10252" status="PASS">
          <reporter-output>
          </reporter-output>
        </test-method> <!-- testCheckoutNegative -->
        <test-method is-config="true" signature="tearDown()[pri:0, instance:com.juaracoding.evan.AddToCartTest@62010f5c]" started-at="2026-03-30T22:26:02 WIB" name="tearDown" finished-at="2026-03-30T22:26:02 WIB" duration-ms="257" status="PASS">
          <reporter-output>
          </reporter-output>
        </test-method> <!-- tearDown -->
      </class> <!-- com.juaracoding.evan.AddToCartTest -->
    </test> <!-- Surefire test -->
  </suite> <!-- Surefire suite -->
</testng-results>
