<?xml version="1.0" encoding="UTF-8"?>
<!-- Generated by org.testng.reporters.JUnitReportReporter -->
<testsuite hostname="DESKTOP-QPBUIBA" failures="0" tests="5" name="com.juaracoding.evan.AddToCartTest" time="36.963" errors="0" timestamp="2026-03-30T22:26:02 WIB" skipped="0">
  <testcase classname="com.juaracoding.evan.AddToCartTest" name="testLogin" time="6.211"/>
  <testcase classname="com.juaracoding.evan.AddToCartTest" name="testAddToCart" time="2.076"/>
  <testcase classname="com.juaracoding.evan.AddToCartTest" name="testRemoveItem" time="2.055"/>
  <testcase classname="com.juaracoding.evan.AddToCartTest" name="testCheckout" time="16.369"/>
  <testcase classname="com.juaracoding.evan.AddToCartTest" name="testCheckoutNegative" time="10.252"/>
</testsuite> <!-- com.juaracoding.evan.AddToCartTest -->
